
=== Sun Apr 12 19:40:41 2020

Packages were changed.
Update Mode: updateDependencies

The following packages were added:
  com.unity.2d.sprite@1.0.0
  com.unity.2d.tilemap@1.0.0
  com.unity.multiplayer-hlapi@1.0.4
  com.unity.xr.legacyinputhelpers@1.3.11

=== Sun Apr 19 14:03:27 2020

Packages were changed.
Update Mode: updateDependencies

The following packages were added:
  com.unity.ads@2.0.8
  com.unity.analytics@3.3.5
  com.unity.purchasing@2.0.6

=== Tue Apr 21 01:33:19 2020

Packages were changed.
Update Mode: updateDependencies

The following packages were updated:
  com.unity.ads from version 2.0.8 to 3.4.4
  com.unity.test-framework from version 1.1.11 to 1.1.13
